[2018-08-0210:41:22 AM-resource_manage2.py-DEBUG:已向服务器请求一次proxy节点列表]
[2018-08-0210:41:22 AM-resource_manage2.py-DEBUG:加入一个proxy]
[2018-08-0210:41:22 AM-resource_manage2.py-DEBUG:加入一个proxy]
[2018-08-0210:41:22 AM-resource_manage2.py-DEBUG:加入一个proxy]
[2018-08-0210:41:22 AM-resource_manage2.py-DEBUG:加入一个proxy]
[2018-08-0210:41:22 AM-resource_manage2.py-DEBUG:proxy列表更新一次]
[2018-08-0210:41:27 AM-resource_manage2.py-DEBUG:已向服务器请求一次proxy节点列表]
[2018-08-0210:41:27 AM-resource_manage2.py-DEBUG:加入一个proxy]
[2018-08-0210:41:27 AM-resource_manage2.py-DEBUG:加入一个proxy]
[2018-08-0210:41:27 AM-resource_manage2.py-DEBUG:加入一个proxy]
[2018-08-0210:41:27 AM-resource_manage2.py-DEBUG:proxy列表更新一次]
[2018-08-0210:41:32 AM-resource_manage2.py-DEBUG:已向服务器请求一次proxy节点列表]
[2018-08-0210:41:32 AM-resource_manage2.py-DEBUG:加入一个proxy]
[2018-08-0210:41:32 AM-resource_manage2.py-DEBUG:proxy列表更新一次]
[2018-08-0210:41:37 AM-resource_manage2.py-DEBUG:已向服务器请求一次proxy节点列表]
[2018-08-0210:41:37 AM-resource_manage2.py-DEBUG:删除一个proxy]
[2018-08-0210:41:37 AM-resource_manage2.py-DEBUG:proxy列表更新一次]
[2018-08-0210:41:42 AM-resource_manage2.py-DEBUG:已向服务器请求一次proxy节点列表]
[2018-08-0210:41:42 AM-resource_manage2.py-DEBUG:加入一个proxy]
[2018-08-0210:41:42 AM-resource_manage2.py-DEBUG:proxy列表更新一次]
[2018-08-0210:41:47 AM-resource_manage2.py-DEBUG:已向服务器请求一次proxy节点列表]
[2018-08-0210:41:47 AM-resource_manage2.py-DEBUG:删除一个proxy]
[2018-08-0210:41:47 AM-resource_manage2.py-DEBUG:删除一个proxy]
[2018-08-0210:41:47 AM-resource_manage2.py-DEBUG:删除一个proxy]
[2018-08-0210:41:47 AM-resource_manage2.py-DEBUG:删除一个proxy]
[2018-08-0210:41:47 AM-resource_manage2.py-DEBUG:删除一个proxy]
[2018-08-0210:41:47 AM-resource_manage2.py-DEBUG:proxy列表更新一次]
[2018-08-0210:41:52 AM-resource_manage2.py-DEBUG:已向服务器请求一次proxy节点列表]
[2018-08-0210:41:52 AM-resource_manage2.py-DEBUG:加入一个proxy]
[2018-08-0210:41:52 AM-resource_manage2.py-DEBUG:加入一个proxy]
[2018-08-0210:41:52 AM-resource_manage2.py-DEBUG:加入一个proxy]
[2018-08-0210:41:52 AM-resource_manage2.py-DEBUG:加入一个proxy]
[2018-08-0210:41:52 AM-resource_manage2.py-DEBUG:加入一个proxy]
[2018-08-0210:41:52 AM-resource_manage2.py-DEBUG:加入一个proxy]
[2018-08-0210:41:52 AM-resource_manage2.py-DEBUG:proxy列表更新一次]
[2018-08-0210:41:57 AM-resource_manage2.py-DEBUG:已向服务器请求一次proxy节点列表]
[2018-08-0210:41:57 AM-resource_manage2.py-DEBUG:删除一个proxy]
[2018-08-0210:41:57 AM-resource_manage2.py-DEBUG:删除一个proxy]
[2018-08-0210:41:57 AM-resource_manage2.py-DEBUG:proxy列表更新一次]
[2018-08-0210:42:02 AM-resource_manage2.py-DEBUG:已向服务器请求一次proxy节点列表]
[2018-08-0210:42:02 AM-resource_manage2.py-DEBUG:加入一个proxy]
[2018-08-0210:42:02 AM-resource_manage2.py-DEBUG:加入一个proxy]
[2018-08-0210:42:02 AM-resource_manage2.py-DEBUG:proxy列表更新一次]
[2018-08-0210:42:07 AM-resource_manage2.py-DEBUG:已向服务器请求一次proxy节点列表]
[2018-08-0210:42:07 AM-resource_manage2.py-DEBUG:删除一个proxy]
[2018-08-0210:42:07 AM-resource_manage2.py-DEBUG:删除一个proxy]
[2018-08-0210:42:07 AM-resource_manage2.py-DEBUG:删除一个proxy]
[2018-08-0210:42:07 AM-resource_manage2.py-DEBUG:删除一个proxy]
[2018-08-0210:42:07 AM-resource_manage2.py-DEBUG:删除一个proxy]
[2018-08-0210:42:07 AM-resource_manage2.py-DEBUG:删除一个proxy]
[2018-08-0210:42:07 AM-resource_manage2.py-DEBUG:proxy列表更新一次]
[2018-08-0210:42:12 AM-resource_manage2.py-DEBUG:已向服务器请求一次proxy节点列表]
[2018-08-0210:42:12 AM-resource_manage2.py-DEBUG:proxy列表更新一次]
[2018-08-0210:42:17 AM-resource_manage2.py-DEBUG:已向服务器请求一次proxy节点列表]
[2018-08-0210:42:17 AM-resource_manage2.py-DEBUG:加入一个proxy]
[2018-08-0210:42:17 AM-resource_manage2.py-DEBUG:加入一个proxy]
[2018-08-0210:42:17 AM-resource_manage2.py-DEBUG:proxy列表更新一次]
[2018-08-0210:42:22 AM-resource_manage2.py-DEBUG:已向服务器请求一次proxy节点列表]
[2018-08-0210:42:22 AM-resource_manage2.py-DEBUG:加入一个proxy]
[2018-08-0210:42:22 AM-resource_manage2.py-DEBUG:proxy列表更新一次]
[2018-08-0210:48:23 AM-resource_manage2.py-DEBUG:已向服务器请求一次proxy节点列表]
[2018-08-0210:48:23 AM-resource_manage2.py-DEBUG:加入一个proxy]
[2018-08-0210:48:23 AM-resource_manage2.py-DEBUG:加入一个proxy]
[2018-08-0210:48:23 AM-resource_manage2.py-DEBUG:加入一个proxy]
[2018-08-0210:48:23 AM-resource_manage2.py-DEBUG:加入一个proxy]
[2018-08-0210:48:23 AM-resource_manage2.py-DEBUG:加入一个proxy]
[2018-08-0210:48:23 AM-resource_manage2.py-DEBUG:加入一个proxy]
[2018-08-0210:48:23 AM-resource_manage2.py-DEBUG:加入一个proxy]
[2018-08-0210:48:23 AM-resource_manage2.py-DEBUG:加入一个proxy]
[2018-08-0210:48:23 AM-resource_manage2.py-DEBUG:加入一个proxy]
[2018-08-0210:48:23 AM-resource_manage2.py-DEBUG:proxy列表更新一次]
[2018-08-0210:49:17 AM-resource_manage2.py-DEBUG:已向服务器请求一次proxy节点列表]
[2018-08-0210:49:17 AM-resource_manage2.py-DEBUG:加入一个proxy]
[2018-08-0210:49:17 AM-resource_manage2.py-DEBUG:加入一个proxy]
[2018-08-0210:49:17 AM-resource_manage2.py-DEBUG:加入一个proxy]
[2018-08-0210:49:17 AM-resource_manage2.py-DEBUG:proxy列表更新一次]
[2018-08-0210:49:22 AM-resource_manage2.py-DEBUG:已向服务器请求一次proxy节点列表]
[2018-08-0210:49:22 AM-resource_manage2.py-DEBUG:加入一个proxy]
[2018-08-0210:49:22 AM-resource_manage2.py-DEBUG:加入一个proxy]
[2018-08-0210:49:22 AM-resource_manage2.py-DEBUG:proxy列表更新一次]
[2018-08-0210:49:27 AM-resource_manage2.py-DEBUG:已向服务器请求一次proxy节点列表]
[2018-08-0210:49:27 AM-resource_manage2.py-DEBUG:删除一个proxy]
[2018-08-0210:49:27 AM-resource_manage2.py-DEBUG:删除一个proxy]
[2018-08-0210:49:27 AM-resource_manage2.py-DEBUG:proxy列表更新一次]
[2018-08-0210:49:32 AM-resource_manage2.py-DEBUG:已向服务器请求一次proxy节点列表]
[2018-08-0210:49:32 AM-resource_manage2.py-DEBUG:加入一个proxy]
[2018-08-0210:49:32 AM-resource_manage2.py-DEBUG:加入一个proxy]
[2018-08-0210:49:32 AM-resource_manage2.py-DEBUG:加入一个proxy]
[2018-08-0210:49:32 AM-resource_manage2.py-DEBUG:proxy列表更新一次]
[2018-08-0210:49:37 AM-resource_manage2.py-DEBUG:已向服务器请求一次proxy节点列表]
[2018-08-0210:49:37 AM-resource_manage2.py-DEBUG:加入一个proxy]
[2018-08-0210:49:37 AM-resource_manage2.py-DEBUG:proxy列表更新一次]
[2018-08-0210:49:42 AM-resource_manage2.py-DEBUG:已向服务器请求一次proxy节点列表]
[2018-08-0210:49:42 AM-resource_manage2.py-DEBUG:删除一个proxy]
[2018-08-0210:49:42 AM-resource_manage2.py-DEBUG:删除一个proxy]
[2018-08-0210:49:42 AM-resource_manage2.py-DEBUG:删除一个proxy]
[2018-08-0210:49:42 AM-resource_manage2.py-DEBUG:删除一个proxy]
[2018-08-0210:49:42 AM-resource_manage2.py-DEBUG:删除一个proxy]
[2018-08-0210:49:42 AM-resource_manage2.py-DEBUG:proxy列表更新一次]
[2018-08-0210:50:43 AM-resource_manage2.py-DEBUG:已向服务器请求一次proxy节点列表]
[2018-08-0210:50:43 AM-resource_manage2.py-DEBUG:加入一个proxy]
[2018-08-0210:50:43 AM-resource_manage2.py-DEBUG:加入一个proxy]
[2018-08-0210:50:43 AM-resource_manage2.py-DEBUG:加入一个proxy]
[2018-08-0210:50:43 AM-resource_manage2.py-DEBUG:加入一个proxy]
[2018-08-0210:50:43 AM-resource_manage2.py-DEBUG:加入一个proxy]
[2018-08-0210:50:43 AM-resource_manage2.py-DEBUG:proxy列表更新一次]
[2018-08-0210:51:08 AM-resource_manage2.py-DEBUG:已向服务器请求一次proxy节点列表]
[2018-08-0210:51:08 AM-resource_manage2.py-DEBUG:加入一个proxy]
[2018-08-0210:51:08 AM-resource_manage2.py-DEBUG:加入一个proxy]
[2018-08-0210:51:08 AM-resource_manage2.py-DEBUG:加入一个proxy]
[2018-08-0210:51:08 AM-resource_manage2.py-DEBUG:加入一个proxy]
[2018-08-0210:51:08 AM-resource_manage2.py-DEBUG:加入一个proxy]
[2018-08-0210:51:08 AM-resource_manage2.py-DEBUG:加入一个proxy]
[2018-08-0210:51:08 AM-resource_manage2.py-DEBUG:加入一个proxy]
[2018-08-0210:51:08 AM-resource_manage2.py-DEBUG:加入一个proxy]
[2018-08-0210:51:08 AM-resource_manage2.py-DEBUG:proxy列表更新一次]
[2018-08-0210:52:23 AM-resource_manage2.py-DEBUG:已向服务器请求一次proxy节点列表]
[2018-08-0210:52:23 AM-resource_manage2.py-DEBUG:加入一个proxy]
[2018-08-0210:52:23 AM-resource_manage2.py-DEBUG:加入一个proxy]
[2018-08-0210:52:23 AM-resource_manage2.py-DEBUG:加入一个proxy]
[2018-08-0210:52:23 AM-resource_manage2.py-DEBUG:proxy列表更新一次]
[2018-08-0210:53:41 AM-resource_manage2.py-DEBUG:已向服务器请求一次proxy节点列表]
[2018-08-0210:53:41 AM-resource_manage2.py-DEBUG:加入一个proxy]
[2018-08-0210:53:41 AM-resource_manage2.py-DEBUG:加入一个proxy]
[2018-08-0210:53:41 AM-resource_manage2.py-DEBUG:加入一个proxy]
[2018-08-0210:53:41 AM-resource_manage2.py-DEBUG:加入一个proxy]
[2018-08-0210:53:41 AM-resource_manage2.py-DEBUG:proxy列表更新一次]
[2018-08-0210:53:46 AM-resource_manage2.py-DEBUG:已向服务器请求一次proxy节点列表]
[2018-08-0210:53:46 AM-resource_manage2.py-DEBUG:删除一个proxy]
[2018-08-0210:53:46 AM-resource_manage2.py-DEBUG:删除一个proxy]
[2018-08-0210:53:46 AM-resource_manage2.py-DEBUG:proxy列表更新一次]
[2018-08-0210:53:51 AM-resource_manage2.py-DEBUG:已向服务器请求一次proxy节点列表]
[2018-08-0210:53:51 AM-resource_manage2.py-DEBUG:加入一个proxy]
[2018-08-0210:53:51 AM-resource_manage2.py-DEBUG:加入一个proxy]
[2018-08-0210:53:51 AM-resource_manage2.py-DEBUG:proxy列表更新一次]
[2018-08-0210:53:56 AM-resource_manage2.py-DEBUG:已向服务器请求一次proxy节点列表]
[2018-08-0210:53:56 AM-resource_manage2.py-DEBUG:proxy列表更新一次]
[2018-08-0210:54:01 AM-resource_manage2.py-DEBUG:已向服务器请求一次proxy节点列表]
[2018-08-0210:54:01 AM-resource_manage2.py-DEBUG:删除一个proxy]
[2018-08-0210:54:01 AM-resource_manage2.py-DEBUG:删除一个proxy]
[2018-08-0210:54:01 AM-resource_manage2.py-DEBUG:proxy列表更新一次]
[2018-08-0210:56:05 AM-resource_manage2.py-DEBUG:已向服务器请求一次proxy节点列表]
[2018-08-0210:56:05 AM-resource_manage2.py-DEBUG:加入一个proxy]
[2018-08-0210:56:05 AM-resource_manage2.py-DEBUG:加入一个proxy]
[2018-08-0210:56:05 AM-resource_manage2.py-DEBUG:proxy列表更新一次]
[2018-08-0211:38:29 AM-resource_manage2.py-DEBUG:已向服务器请求一次proxy节点列表]
[2018-08-0211:38:29 AM-resource_manage2.py-DEBUG:加入一个proxy]
[2018-08-0211:38:29 AM-resource_manage2.py-DEBUG:加入一个proxy]
[2018-08-0211:38:29 AM-resource_manage2.py-DEBUG:加入一个proxy]
[2018-08-0211:38:29 AM-resource_manage2.py-DEBUG:加入一个proxy]
[2018-08-0211:38:29 AM-resource_manage2.py-DEBUG:加入一个proxy]
[2018-08-0211:38:29 AM-resource_manage2.py-DEBUG:加入一个proxy]
[2018-08-0211:38:29 AM-resource_manage2.py-DEBUG:加入一个proxy]
[2018-08-0211:38:29 AM-resource_manage2.py-DEBUG:加入一个proxy]
[2018-08-0211:38:29 AM-resource_manage2.py-DEBUG:proxy列表更新一次]
[2018-08-0211:38:34 AM-resource_manage2.py-DEBUG:已向服务器请求一次proxy节点列表]
[2018-08-0211:38:34 AM-resource_manage2.py-DEBUG:删除一个proxy]
[2018-08-0211:38:34 AM-resource_manage2.py-DEBUG:proxy列表更新一次]
[2018-08-0211:43:44 AM-resource_manage2.py-DEBUG:已向服务器请求一次proxy节点列表]
[2018-08-0211:43:44 AM-resource_manage2.py-DEBUG:加入一个proxy]
[2018-08-0211:43:44 AM-resource_manage2.py-DEBUG:加入一个proxy]
[2018-08-0211:43:44 AM-resource_manage2.py-DEBUG:加入一个proxy]
[2018-08-0211:43:44 AM-resource_manage2.py-DEBUG:proxy列表更新一次]
[2018-08-0211:43:49 AM-resource_manage2.py-DEBUG:已向服务器请求一次proxy节点列表]
[2018-08-0211:43:49 AM-resource_manage2.py-DEBUG:加入一个proxy]
[2018-08-0211:43:49 AM-resource_manage2.py-DEBUG:加入一个proxy]
[2018-08-0211:43:49 AM-resource_manage2.py-DEBUG:加入一个proxy]
[2018-08-0211:43:49 AM-resource_manage2.py-DEBUG:加入一个proxy]
[2018-08-0211:43:49 AM-resource_manage2.py-DEBUG:加入一个proxy]
[2018-08-0211:43:49 AM-resource_manage2.py-DEBUG:proxy列表更新一次]
[2018-08-0211:43:54 AM-resource_manage2.py-DEBUG:已向服务器请求一次proxy节点列表]
[2018-08-0211:43:54 AM-resource_manage2.py-DEBUG:删除一个proxy]
[2018-08-0211:43:54 AM-resource_manage2.py-DEBUG:删除一个proxy]
[2018-08-0211:43:54 AM-resource_manage2.py-DEBUG:proxy列表更新一次]
[2018-08-0211:43:59 AM-resource_manage2.py-DEBUG:已向服务器请求一次proxy节点列表]
[2018-08-0211:43:59 AM-resource_manage2.py-DEBUG:proxy列表更新一次]
[2018-08-0211:45:12 AM-resource_manage2.py-DEBUG:已向服务器请求一次proxy节点列表]
[2018-08-0211:45:12 AM-resource_manage2.py-DEBUG:加入一个proxy]
[2018-08-0211:45:12 AM-resource_manage2.py-DEBUG:加入一个proxy]
[2018-08-0211:45:12 AM-resource_manage2.py-DEBUG:加入一个proxy]
[2018-08-0211:45:12 AM-resource_manage2.py-DEBUG:加入一个proxy]
[2018-08-0211:45:12 AM-resource_manage2.py-DEBUG:加入一个proxy]
[2018-08-0211:45:12 AM-resource_manage2.py-DEBUG:加入一个proxy]
[2018-08-0211:45:12 AM-resource_manage2.py-DEBUG:proxy列表更新一次]
[2018-08-0211:45:17 AM-resource_manage2.py-DEBUG:已向服务器请求一次proxy节点列表]
[2018-08-0211:45:48 AM-resource_manage2.py-DEBUG:删除一个proxy]
[2018-08-0211:45:48 AM-resource_manage2.py-DEBUG:删除一个proxy]
[2018-08-0211:45:48 AM-resource_manage2.py-DEBUG:删除一个proxy]
[2018-08-0211:45:48 AM-resource_manage2.py-DEBUG:删除一个proxy]
[2018-08-0211:45:48 AM-resource_manage2.py-DEBUG:proxy列表更新一次]
[2018-08-0211:46:04 AM-resource_manage2.py-DEBUG:已向服务器请求一次proxy节点列表]
[2018-08-0211:46:04 AM-resource_manage2.py-DEBUG:加入一个proxy]
[2018-08-0211:46:04 AM-resource_manage2.py-DEBUG:加入一个proxy]
[2018-08-0211:46:04 AM-resource_manage2.py-DEBUG:加入一个proxy]
[2018-08-0211:46:04 AM-resource_manage2.py-DEBUG:加入一个proxy]
[2018-08-0211:46:04 AM-resource_manage2.py-DEBUG:加入一个proxy]
[2018-08-0211:46:04 AM-resource_manage2.py-DEBUG:加入一个proxy]
[2018-08-0211:46:04 AM-resource_manage2.py-DEBUG:加入一个proxy]
[2018-08-0211:46:04 AM-resource_manage2.py-DEBUG:加入一个proxy]
[2018-08-0211:46:04 AM-resource_manage2.py-DEBUG:加入一个proxy]
[2018-08-0211:46:04 AM-resource_manage2.py-DEBUG:proxy列表更新一次]
[2018-08-0211:46:09 AM-resource_manage2.py-DEBUG:已向服务器请求一次proxy节点列表]
[2018-08-0211:46:09 AM-resource_manage2.py-DEBUG:删除一个proxy]
[2018-08-0211:46:09 AM-resource_manage2.py-DEBUG:proxy列表更新一次]
[2018-08-0211:46:14 AM-resource_manage2.py-DEBUG:已向服务器请求一次proxy节点列表]
[2018-08-0211:46:14 AM-resource_manage2.py-DEBUG:删除一个proxy]
[2018-08-0211:46:14 AM-resource_manage2.py-DEBUG:删除一个proxy]
[2018-08-0211:46:14 AM-resource_manage2.py-DEBUG:proxy列表更新一次]
[2018-08-0311:23:03 AM-resource_manage2.py-DEBUG:已向服务器请求一次proxy节点列表]
[2018-08-0311:23:46 AM-resource_manage2.py-DEBUG:已向服务器请求一次proxy节点列表]
[2018-08-0311:24:52 AM-resource_manage2.py-DEBUG:已向服务器请求一次proxy节点列表]
[2018-08-0311:24:52 AM-resource_manage2.py-DEBUG:加入一个proxy]
[2018-08-0311:24:52 AM-resource_manage2.py-DEBUG:加入一个proxy]
[2018-08-0311:24:52 AM-resource_manage2.py-DEBUG:加入一个proxy]
[2018-08-0311:24:52 AM-resource_manage2.py-DEBUG:加入一个proxy]
[2018-08-0311:24:52 AM-resource_manage2.py-DEBUG:加入一个proxy]
[2018-08-0311:24:52 AM-resource_manage2.py-DEBUG:proxy列表更新一次]
[2018-08-0311:24:57 AM-resource_manage2.py-DEBUG:已向服务器请求一次proxy节点列表]
[2018-08-0311:24:57 AM-resource_manage2.py-DEBUG:删除一个proxy]
[2018-08-0311:24:57 AM-resource_manage2.py-DEBUG:删除一个proxy]
[2018-08-0311:24:57 AM-resource_manage2.py-DEBUG:proxy列表更新一次]
[2018-08-0311:25:02 AM-resource_manage2.py-DEBUG:已向服务器请求一次proxy节点列表]
[2018-08-0311:25:02 AM-resource_manage2.py-DEBUG:加入一个proxy]
[2018-08-0311:25:02 AM-resource_manage2.py-DEBUG:proxy列表更新一次]
[2018-08-0311:25:07 AM-resource_manage2.py-DEBUG:已向服务器请求一次proxy节点列表]
[2018-08-0311:25:07 AM-resource_manage2.py-DEBUG:加入一个proxy]
[2018-08-0311:25:07 AM-resource_manage2.py-DEBUG:加入一个proxy]
[2018-08-0311:25:07 AM-resource_manage2.py-DEBUG:proxy列表更新一次]
[2018-08-0311:25:12 AM-resource_manage2.py-DEBUG:已向服务器请求一次proxy节点列表]
[2018-08-0311:25:12 AM-resource_manage2.py-DEBUG:删除一个proxy]
[2018-08-0311:25:12 AM-resource_manage2.py-DEBUG:删除一个proxy]
[2018-08-0311:25:12 AM-resource_manage2.py-DEBUG:删除一个proxy]
[2018-08-0311:25:12 AM-resource_manage2.py-DEBUG:proxy列表更新一次]
[2018-08-0311:25:17 AM-resource_manage2.py-DEBUG:已向服务器请求一次proxy节点列表]
[2018-08-0311:25:17 AM-resource_manage2.py-DEBUG:加入一个proxy]
[2018-08-0311:25:17 AM-resource_manage2.py-DEBUG:加入一个proxy]
[2018-08-0311:25:17 AM-resource_manage2.py-DEBUG:加入一个proxy]
[2018-08-0311:25:17 AM-resource_manage2.py-DEBUG:proxy列表更新一次]
[2018-08-0311:25:22 AM-resource_manage2.py-DEBUG:已向服务器请求一次proxy节点列表]
[2018-08-0311:25:22 AM-resource_manage2.py-DEBUG:加入一个proxy]
[2018-08-0311:25:22 AM-resource_manage2.py-DEBUG:加入一个proxy]
[2018-08-0311:25:22 AM-resource_manage2.py-DEBUG:proxy列表更新一次]
[2018-08-0302:11:12 PM-resource_manage3.py-DEBUG:加入一个proxy]
[2018-08-0302:11:12 PM-resource_manage3.py-DEBUG:加入一个proxy]
[2018-08-0302:11:12 PM-resource_manage3.py-DEBUG:加入一个proxy]
[2018-08-0302:11:12 PM-resource_manage3.py-DEBUG:加入一个proxy]
[2018-08-0302:11:12 PM-resource_manage3.py-DEBUG:加入一个proxy]
[2018-08-0302:11:12 PM-resource_manage3.py-DEBUG:加入一个proxy]
[2018-08-0302:11:12 PM-resource_manage3.py-DEBUG:加入一个proxy]
[2018-08-0302:11:12 PM-resource_manage3.py-DEBUG:加入一个proxy]
[2018-08-0302:11:12 PM-resource_manage3.py-DEBUG:加入一个proxy]
[2018-08-0302:11:12 PM-resource_manage3.py-DEBUG:proxy列表更新一次]
[2018-08-0302:11:17 PM-resource_manage3.py-DEBUG:proxy列表更新一次]
[2018-08-0302:11:22 PM-resource_manage3.py-DEBUG:proxy列表更新一次]
[2018-08-0302:11:27 PM-resource_manage3.py-DEBUG:proxy列表更新一次]
[2018-08-0302:11:32 PM-resource_manage3.py-DEBUG:proxy列表更新一次]
[2018-08-0302:11:37 PM-resource_manage3.py-DEBUG:proxy列表更新一次]
[2018-08-0302:11:42 PM-resource_manage3.py-DEBUG:proxy列表更新一次]
[2018-08-0302:11:47 PM-resource_manage3.py-DEBUG:proxy列表更新一次]
[2018-08-0302:11:52 PM-resource_manage3.py-DEBUG:proxy列表更新一次]
[2018-08-0302:11:57 PM-resource_manage3.py-DEBUG:proxy列表更新一次]
[2018-08-0302:12:02 PM-resource_manage3.py-DEBUG:proxy列表更新一次]
[2018-08-0302:12:07 PM-resource_manage3.py-DEBUG:proxy列表更新一次]
[2018-08-0302:12:12 PM-resource_manage3.py-DEBUG:proxy列表更新一次]
[2018-08-0302:12:17 PM-resource_manage3.py-DEBUG:proxy列表更新一次]
[2018-08-0302:12:22 PM-resource_manage3.py-DEBUG:proxy列表更新一次]
[2018-08-0302:12:27 PM-resource_manage3.py-DEBUG:proxy列表更新一次]
[2018-08-0302:12:32 PM-resource_manage3.py-DEBUG:proxy列表更新一次]
[2018-08-0302:12:37 PM-resource_manage3.py-DEBUG:proxy列表更新一次]
[2018-08-0302:12:42 PM-resource_manage3.py-DEBUG:proxy列表更新一次]
[2018-08-0302:12:45 PM-resource_manage3.py-DEBUG:加入一个proxy]
[2018-08-0302:12:45 PM-resource_manage3.py-DEBUG:加入一个proxy]
[2018-08-0302:12:45 PM-resource_manage3.py-DEBUG:加入一个proxy]
[2018-08-0302:12:45 PM-resource_manage3.py-DEBUG:加入一个proxy]
[2018-08-0302:12:45 PM-resource_manage3.py-DEBUG:proxy列表更新一次]
[2018-08-0302:12:56 PM-resource_manage3.py-DEBUG:加入一个proxy]
[2018-08-0302:12:56 PM-resource_manage3.py-DEBUG:加入一个proxy]
[2018-08-0302:12:56 PM-resource_manage3.py-DEBUG:加入一个proxy]
[2018-08-0302:12:56 PM-resource_manage3.py-DEBUG:加入一个proxy]
[2018-08-0302:12:56 PM-resource_manage3.py-DEBUG:加入一个proxy]
[2018-08-0302:12:56 PM-resource_manage3.py-DEBUG:加入一个proxy]
[2018-08-0302:12:56 PM-resource_manage3.py-DEBUG:加入一个proxy]
[2018-08-0302:12:56 PM-resource_manage3.py-DEBUG:加入一个proxy]
[2018-08-0302:12:56 PM-resource_manage3.py-DEBUG:加入一个proxy]
[2018-08-0302:12:56 PM-resource_manage3.py-DEBUG:proxy列表更新一次]
[2018-08-0302:13:01 PM-resource_manage3.py-DEBUG:proxy列表更新一次]
[2018-08-0302:13:06 PM-resource_manage3.py-DEBUG:删除一个proxy]
[2018-08-0302:13:06 PM-resource_manage3.py-DEBUG:删除一个proxy]
[2018-08-0302:13:06 PM-resource_manage3.py-DEBUG:删除一个proxy]
[2018-08-0302:13:06 PM-resource_manage3.py-DEBUG:删除一个proxy]
[2018-08-0302:13:06 PM-resource_manage3.py-DEBUG:删除一个proxy]
[2018-08-0302:13:06 PM-resource_manage3.py-DEBUG:删除一个proxy]
[2018-08-0302:13:06 PM-resource_manage3.py-DEBUG:删除一个proxy]
[2018-08-0302:13:06 PM-resource_manage3.py-DEBUG:proxy列表更新一次]
[2018-08-0302:13:11 PM-resource_manage3.py-DEBUG:加入一个proxy]
[2018-08-0302:13:11 PM-resource_manage3.py-DEBUG:加入一个proxy]
[2018-08-0302:13:11 PM-resource_manage3.py-DEBUG:proxy列表更新一次]
[2018-08-0302:13:16 PM-resource_manage3.py-DEBUG:删除一个proxy]
[2018-08-0302:13:16 PM-resource_manage3.py-DEBUG:删除一个proxy]
[2018-08-0302:13:16 PM-resource_manage3.py-DEBUG:proxy列表更新一次]
[2018-08-0302:13:21 PM-resource_manage3.py-DEBUG:proxy列表更新一次]
[2018-08-0302:13:26 PM-resource_manage3.py-DEBUG:加入一个proxy]
[2018-08-0302:13:26 PM-resource_manage3.py-DEBUG:加入一个proxy]
[2018-08-0302:13:26 PM-resource_manage3.py-DEBUG:加入一个proxy]
[2018-08-0302:13:26 PM-resource_manage3.py-DEBUG:加入一个proxy]
[2018-08-0302:13:26 PM-resource_manage3.py-DEBUG:加入一个proxy]
[2018-08-0302:13:26 PM-resource_manage3.py-DEBUG:加入一个proxy]
[2018-08-0302:13:26 PM-resource_manage3.py-DEBUG:proxy列表更新一次]
[2018-08-0302:13:31 PM-resource_manage3.py-DEBUG:删除一个proxy]
[2018-08-0302:13:31 PM-resource_manage3.py-DEBUG:删除一个proxy]
[2018-08-0302:13:31 PM-resource_manage3.py-DEBUG:删除一个proxy]
[2018-08-0302:13:31 PM-resource_manage3.py-DEBUG:删除一个proxy]
[2018-08-0302:13:31 PM-resource_manage3.py-DEBUG:proxy列表更新一次]
[2018-08-0302:13:36 PM-resource_manage3.py-DEBUG:删除一个proxy]
[2018-08-0302:13:36 PM-resource_manage3.py-DEBUG:删除一个proxy]
[2018-08-0302:13:36 PM-resource_manage3.py-DEBUG:proxy列表更新一次]
[2018-08-0302:13:41 PM-resource_manage3.py-DEBUG:加入一个proxy]
[2018-08-0302:13:41 PM-resource_manage3.py-DEBUG:加入一个proxy]
[2018-08-0302:13:41 PM-resource_manage3.py-DEBUG:加入一个proxy]
[2018-08-0302:13:41 PM-resource_manage3.py-DEBUG:加入一个proxy]
[2018-08-0302:13:41 PM-resource_manage3.py-DEBUG:加入一个proxy]
[2018-08-0302:13:41 PM-resource_manage3.py-DEBUG:加入一个proxy]
[2018-08-0302:13:41 PM-resource_manage3.py-DEBUG:proxy列表更新一次]
[2018-08-0302:13:46 PM-resource_manage3.py-DEBUG:删除一个proxy]
[2018-08-0302:13:46 PM-resource_manage3.py-DEBUG:删除一个proxy]
[2018-08-0302:13:46 PM-resource_manage3.py-DEBUG:proxy列表更新一次]
[2018-08-0302:13:51 PM-resource_manage3.py-DEBUG:删除一个proxy]
[2018-08-0302:13:51 PM-resource_manage3.py-DEBUG:proxy列表更新一次]
[2018-08-0302:13:56 PM-resource_manage3.py-DEBUG:删除一个proxy]
[2018-08-0302:13:56 PM-resource_manage3.py-DEBUG:proxy列表更新一次]
[2018-08-0302:14:01 PM-resource_manage3.py-DEBUG:加入一个proxy]
[2018-08-0302:14:01 PM-resource_manage3.py-DEBUG:proxy列表更新一次]
[2018-08-0302:14:06 PM-resource_manage3.py-DEBUG:加入一个proxy]
[2018-08-0302:14:06 PM-resource_manage3.py-DEBUG:加入一个proxy]
[2018-08-0302:14:06 PM-resource_manage3.py-DEBUG:加入一个proxy]
[2018-08-0302:14:06 PM-resource_manage3.py-DEBUG:加入一个proxy]
[2018-08-0302:14:06 PM-resource_manage3.py-DEBUG:proxy列表更新一次]
[2018-08-0302:14:11 PM-resource_manage3.py-DEBUG:删除一个proxy]
[2018-08-0302:14:11 PM-resource_manage3.py-DEBUG:删除一个proxy]
[2018-08-0302:14:11 PM-resource_manage3.py-DEBUG:proxy列表更新一次]
[2018-08-0302:14:16 PM-resource_manage3.py-DEBUG:删除一个proxy]
[2018-08-0302:14:16 PM-resource_manage3.py-DEBUG:删除一个proxy]
[2018-08-0302:14:16 PM-resource_manage3.py-DEBUG:proxy列表更新一次]
[2018-08-0302:14:21 PM-resource_manage3.py-DEBUG:删除一个proxy]
[2018-08-0302:14:21 PM-resource_manage3.py-DEBUG:proxy列表更新一次]
[2018-08-0302:14:26 PM-resource_manage3.py-DEBUG:删除一个proxy]
[2018-08-0302:14:26 PM-resource_manage3.py-DEBUG:删除一个proxy]
[2018-08-0302:14:26 PM-resource_manage3.py-DEBUG:proxy列表更新一次]
[2018-08-0302:14:31 PM-resource_manage3.py-DEBUG:加入一个proxy]
[2018-08-0302:14:31 PM-resource_manage3.py-DEBUG:proxy列表更新一次]
[2018-08-0302:14:36 PM-resource_manage3.py-DEBUG:加入一个proxy]
[2018-08-0302:14:36 PM-resource_manage3.py-DEBUG:加入一个proxy]
[2018-08-0302:14:36 PM-resource_manage3.py-DEBUG:加入一个proxy]
[2018-08-0302:14:36 PM-resource_manage3.py-DEBUG:proxy列表更新一次]
[2018-08-0302:14:41 PM-resource_manage3.py-DEBUG:加入一个proxy]
[2018-08-0302:14:41 PM-resource_manage3.py-DEBUG:加入一个proxy]
[2018-08-0302:14:41 PM-resource_manage3.py-DEBUG:加入一个proxy]
[2018-08-0302:14:41 PM-resource_manage3.py-DEBUG:proxy列表更新一次]
[2018-08-0302:14:46 PM-resource_manage3.py-DEBUG:删除一个proxy]
[2018-08-0302:14:46 PM-resource_manage3.py-DEBUG:proxy列表更新一次]
[2018-08-0302:14:51 PM-resource_manage3.py-DEBUG:proxy列表更新一次]
[2018-08-0302:14:56 PM-resource_manage3.py-DEBUG:加入一个proxy]
[2018-08-0302:14:56 PM-resource_manage3.py-DEBUG:proxy列表更新一次]
[2018-08-0302:15:01 PM-resource_manage3.py-DEBUG:删除一个proxy]
[2018-08-0302:15:01 PM-resource_manage3.py-DEBUG:删除一个proxy]
[2018-08-0302:15:01 PM-resource_manage3.py-DEBUG:proxy列表更新一次]
[2018-08-0302:15:06 PM-resource_manage3.py-DEBUG:删除一个proxy]
[2018-08-0302:15:06 PM-resource_manage3.py-DEBUG:删除一个proxy]
[2018-08-0302:15:06 PM-resource_manage3.py-DEBUG:proxy列表更新一次]
